{"/Users/Andersos/dev/andersos.net/server.js":{"path":"/Users/Andersos/dev/andersos.net/server.js","s":{"1":1,"2":1,"3":1,"4":1,"5":1,"6":1,"7":1,"8":1,"9":1,"10":1,"11":1,"12":1,"13":1,"14":0,"15":0,"16":0,"17":1,"18":1,"19":1},"b":{"1":[1,1],"2":[1,1]},"f":{"1":0,"2":1},"fnMap":{"1":{"name":"(anonymous_1)","line":21,"loc":{"start":{"line":21,"column":8},"end":{"line":21,"column":33}}},"2":{"name":"(anonymous_2)","line":27,"loc":{"start":{"line":27,"column":41},"end":{"line":27,"column":52}}}},"statementMap":{"1":{"start":{"line":1,"column":0},"end":{"line":1,"column":33}},"2":{"start":{"line":2,"column":0},"end":{"line":2,"column":40}},"3":{"start":{"line":3,"column":0},"end":{"line":3,"column":41}},"4":{"start":{"line":4,"column":0},"end":{"line":4,"column":50}},"5":{"start":{"line":5,"column":0},"end":{"line":5,"column":37}},"6":{"start":{"line":7,"column":0},"end":{"line":7,"column":20}},"7":{"start":{"line":9,"column":0},"end":{"line":9,"column":27}},"8":{"start":{"line":11,"column":0},"end":{"line":14,"column":4}},"9":{"start":{"line":15,"column":0},"end":{"line":15,"column":37}},"10":{"start":{"line":16,"column":0},"end":{"line":16,"column":42}},"11":{"start":{"line":18,"column":0},"end":{"line":18,"column":52}},"12":{"start":{"line":19,"column":0},"end":{"line":19,"column":60}},"13":{"start":{"line":21,"column":0},"end":{"line":25,"column":3}},"14":{"start":{"line":22,"column":4},"end":{"line":22,"column":68}},"15":{"start":{"line":23,"column":4},"end":{"line":23,"column":21}},"16":{"start":{"line":24,"column":4},"end":{"line":24,"column":14}},"17":{"start":{"line":27,"column":0},"end":{"line":29,"column":3}},"18":{"start":{"line":28,"column":4},"end":{"line":28,"column":63}},"19":{"start":{"line":31,"column":0},"end":{"line":31,"column":21}}},"branchMap":{"1":{"line":4,"type":"binary-expr","locations":[{"start":{"line":4,"column":18},"end":{"line":4,"column":43}},{"start":{"line":4,"column":47},"end":{"line":4,"column":49}}]},"2":{"line":16,"type":"binary-expr","locations":[{"start":{"line":16,"column":16},"end":{"line":16,"column":32}},{"start":{"line":16,"column":36},"end":{"line":16,"column":40}}]}}},"/Users/Andersos/dev/andersos.net/lib/routes.js":{"path":"/Users/Andersos/dev/andersos.net/lib/routes.js","s":{"1":1,"2":1,"3":1,"4":1,"5":1,"6":1},"b":{},"f":{"1":1,"2":1},"fnMap":{"1":{"name":"(anonymous_1)","line":4,"loc":{"start":{"line":4,"column":25},"end":{"line":4,"column":39}}},"2":{"name":"(anonymous_2)","line":5,"loc":{"start":{"line":5,"column":53},"end":{"line":5,"column":68}}}},"statementMap":{"1":{"start":{"line":1,"column":0},"end":{"line":1,"column":23}},"2":{"start":{"line":2,"column":0},"end":{"line":2,"column":27}},"3":{"start":{"line":4,"column":0},"end":{"line":9,"column":2}},"4":{"start":{"line":5,"column":4},"end":{"line":8,"column":7}},"5":{"start":{"line":6,"column":8},"end":{"line":6,"column":44}},"6":{"start":{"line":7,"column":8},"end":{"line":7,"column":51}}},"branchMap":{}},"/Users/Andersos/dev/andersos.net/routes/router.js":{"path":"/Users/Andersos/dev/andersos.net/routes/router.js","s":{"1":1,"2":1,"3":1,"4":1,"5":1,"6":0,"7":1},"b":{},"f":{"1":1,"2":0},"fnMap":{"1":{"name":"(anonymous_1)","line":4,"loc":{"start":{"line":4,"column":16},"end":{"line":4,"column":35}}},"2":{"name":"(anonymous_2)","line":8,"loc":{"start":{"line":8,"column":20},"end":{"line":8,"column":38}}}},"statementMap":{"1":{"start":{"line":1,"column":0},"end":{"line":1,"column":33}},"2":{"start":{"line":2,"column":0},"end":{"line":2,"column":30}},"3":{"start":{"line":4,"column":0},"end":{"line":6,"column":3}},"4":{"start":{"line":5,"column":4},"end":{"line":5,"column":24}},"5":{"start":{"line":8,"column":0},"end":{"line":10,"column":3}},"6":{"start":{"line":9,"column":4},"end":{"line":9,"column":23}},"7":{"start":{"line":12,"column":0},"end":{"line":12,"column":24}}},"branchMap":{}}}