TN:
SF:/Users/Andersos/dev/andersos.net/server.js
FN:19,(anonymous_1)
FN:23,(anonymous_2)
FN:27,(anonymous_3)
FN:31,(anonymous_4)
FN:35,(anonymous_5)
FN:47,(anonymous_6)
FN:51,(anonymous_7)
FNF:7
FNH:1
FNDA:0,(anonymous_1)
FNDA:0,(anonymous_2)
FNDA:0,(anonymous_3)
FNDA:0,(anonymous_4)
FNDA:0,(anonymous_5)
FNDA:0,(anonymous_6)
FNDA:1,(anonymous_7)
DA:1,1
DA:2,1
DA:3,1
DA:4,1
DA:5,1
DA:6,1
DA:7,1
DA:9,1
DA:14,1
DA:15,1
DA:16,1
DA:17,1
DA:19,1
DA:20,0
DA:23,1
DA:24,0
DA:27,1
DA:28,0
DA:31,1
DA:32,0
DA:33,0
DA:36,0
DA:37,0
DA:42,0
DA:47,1
DA:48,0
DA:51,1
DA:52,1
LF:28
LH:19
BRDA:7,1,0,1
BRDA:7,1,1,1
BRDA:16,2,0,1
BRDA:16,2,1,1
BRDA:36,3,0,0
BRDA:36,3,1,0
BRDA:36,4,0,0
BRDA:36,4,1,0
BRF:8
BRH:4
end_of_record
